<?xml version="1.0" encoding="UTF-8"?>
<!-- Generated by org.testng.reporters.JUnitReportReporter -->
<testsuite skipped="0" hostname="LAPTOP-NLIVIKEV" name="qaclickacademy.MavenJava.AppiumTest" tests="1" failures="0" timestamp="2021-05-13T11:29:57 IST" time="0.018" errors="0">
  <testcase name="NativeApp" time="0.018" classname="qaclickacademy.MavenJava.AppiumTest"/>
  <system-out/>
</testsuite> <!-- qaclickacademy.MavenJava.AppiumTest -->
